<?xml version="1.0" encoding="UTF-8"?>
<!-- Generated by org.testng.reporters.JUnitXMLReporter -->
<testsuite ignored="0" hostname="AvinashP" failures="0" tests="2" name="Test2" time="17.59" errors="0" timestamp="2023-10-16T14:21:01 IST">
  <testcase classname="crossbrowserparallel.SwiggyTest" name="test0" time="0.0">
    <skipped/>
  </testcase> <!-- test0 -->
  <testcase classname="crossbrowserparallel.GoogleTest" name="test0" time="0.0">
    <skipped/>
  </testcase> <!-- test0 -->
</testsuite> <!-- Test2 -->
